\BOOKMARK [1][-]{section*.1}{Introduction}{}% 1
\BOOKMARK [1][-]{section.1}{Behavior analysis of Bush-Mosteller lineal and incremental learning algorithms}{}% 2
\BOOKMARK [2][-]{section*.2}{The Linear BM model}{section.1}% 3
\BOOKMARK [3][-]{section*.3}{Binary}{section*.2}% 4
\BOOKMARK [3][-]{section*.4}{Proportional}{section*.2}% 5
\BOOKMARK [2][-]{section*.5}{The incremental learning algorithm}{section.1}% 6
\BOOKMARK [3][-]{section*.6}{Binary}{section*.5}% 7
\BOOKMARK [3][-]{section*.7}{Proportional}{section*.5}% 8
\BOOKMARK [2][-]{section*.8}{Conclusions}{section.1}% 9
\BOOKMARK [1][-]{section.2}{Behavior analysis of collective exploration ant-like I \046 II algorithms}{}% 10
\BOOKMARK [2][-]{section*.9}{Ant-like I, k=5}{section.2}% 11
\BOOKMARK [3][-]{section*.10}{Ant-like I, k=10}{section*.9}% 12
\BOOKMARK [3][-]{section*.11}{Ant-like I, k=15}{section*.9}% 13
\BOOKMARK [3][-]{section*.12}{Ant-like I, k=50}{section*.9}% 14
\BOOKMARK [3][-]{section*.13}{Ant-like I, k=100}{section*.9}% 15
\BOOKMARK [3][-]{section*.14}{Ant-like II, k=5}{section*.9}% 16
\BOOKMARK [3][-]{section*.15}{Ant-like II, k=10}{section*.9}% 17
\BOOKMARK [3][-]{section*.16}{Ant-like II, k=15}{section*.9}% 18
\BOOKMARK [3][-]{section*.17}{Ant-like II, k=50}{section*.9}% 19
\BOOKMARK [3][-]{section*.18}{Ant-like II, k=100}{section*.9}% 20
\BOOKMARK [2][-]{section*.19}{Conclusions}{section.2}% 21
\BOOKMARK [1][-]{section.3}{Colective exploration algorithms type I \046 II analysis}{}% 22
\BOOKMARK [2][-]{section*.20}{Set = 0.1, k=5}{section.3}% 23
\BOOKMARK [2][-]{section*.21}{Set = 0.1, k=10}{section.3}% 24
\BOOKMARK [2][-]{section*.22}{Set = 0.1, k=15}{section.3}% 25
\BOOKMARK [2][-]{section*.23}{Set = 0.1, k=50}{section.3}% 26
\BOOKMARK [2][-]{section*.24}{Set = 0.1, k=100}{section.3}% 27
\BOOKMARK [2][-]{section*.25}{Set = 0.5, k=5}{section.3}% 28
\BOOKMARK [2][-]{section*.26}{Set = 0.5, k=10}{section.3}% 29
\BOOKMARK [2][-]{section*.27}{Set = 0.5, k=15}{section.3}% 30
\BOOKMARK [2][-]{section*.28}{Set = 0.5, k=50}{section.3}% 31
\BOOKMARK [2][-]{section*.29}{Set = 0.5, k=100}{section.3}% 32
\BOOKMARK [2][-]{section*.30}{Conclusions}{section.3}% 33
\BOOKMARK [1][-]{section.4}{Behavior analysis of collective exploration ensemble algorithm}{}% 34
\BOOKMARK [2][-]{section*.31}{k=5}{section.4}% 35
\BOOKMARK [2][-]{section*.32}{k=10}{section.4}% 36
\BOOKMARK [2][-]{section*.33}{k=50}{section.4}% 37
\BOOKMARK [2][-]{section*.34}{k=100}{section.4}% 38
\BOOKMARK [2][-]{section*.35}{Conclusions}{section.4}% 39
\BOOKMARK [2][-]{section*.36}{Final Conclusions}{section.4}% 40
